Traceback (most recent call last):
  File "C:\Users\wdalmazs\Repositories\python-majordome\notes\.venv\Lib\site-packages\jupyter_cache\executors\utils.py", line 58, in single_nb_execution
    executenb(
    ~~~~~~~~~^
        nb,
        ^^^
    ...<4 lines>...
        **kwargs,
        ^^^^^^^^^
    )
    ^
  File "C:\Users\wdalmazs\Repositories\python-majordome\notes\.venv\Lib\site-packages\nbclient\client.py", line 1319, in execute
    return NotebookClient(nb=nb, resources=resources, km=km, **kwargs).execute()
           ~~~~~~~~~~~~~~~~~~~~~~~~~~~~~~~~~~~~~~~~~~~~~~~~~~~~~~~~~~~~~~~~~~~^^
  File "C:\Users\wdalmazs\Repositories\python-majordome\notes\.venv\Lib\site-packages\jupyter_core\utils\__init__.py", line 165, in wrapped
    return loop.run_until_complete(inner)
           ~~~~~~~~~~~~~~~~~~~~~~~^^^^^^^
  File "C:\Users\wdalmazs\Repositories\python-majordome\local\bin\python\WPy64-31380\python\Lib\asyncio\base_events.py", line 725, in run_until_complete
    return future.result()
           ~~~~~~~~~~~~~^^
  File "C:\Users\wdalmazs\Repositories\python-majordome\notes\.venv\Lib\site-packages\nbclient\client.py", line 709, in async_execute
    await self.async_execute_cell(
        cell, index, execution_count=self.code_cells_executed + 1
    )
  File "C:\Users\wdalmazs\Repositories\python-majordome\notes\.venv\Lib\site-packages\nbclient\client.py", line 1062, in async_execute_cell
    await self._check_raise_for_error(cell, cell_index, exec_reply)
  File "C:\Users\wdalmazs\Repositories\python-majordome\notes\.venv\Lib\site-packages\nbclient\client.py", line 918, in _check_raise_for_error
    raise CellExecutionError.from_cell_and_msg(cell, exec_reply_content)
nbclient.exceptions.CellExecutionError: An error occurred while executing the following cell:
------------------
img0 = imread(fname, as_gray=True)

display_img(img0)
------------------


[31m---------------------------------------------------------------------------[39m
[31mFileNotFoundError[39m                         Traceback (most recent call last)
[36mCell[39m[36m [39m[32mIn[5][39m[32m, line 1[39m
[32m----> [39m[32m1[39m img0 = [43mimread[49m[43m([49m[43mfname[49m[43m,[49m[43m [49m[43mas_gray[49m[43m=[49m[38;5;28;43;01mTrue[39;49;00m[43m)[49m
[32m      3[39m display_img(img0)

[36mFile [39m[32m~\Repositories\python-majordome\notes\.venv\Lib\site-packages\skimage\_shared\utils.py:328[39m, in [36mdeprecate_parameter.__call__.<locals>.fixed_func[39m[34m(*args, **kwargs)[39m
[32m    324[39m     [38;5;28;01melif[39;00m [38;5;28mself[39m.new_name [38;5;129;01mis[39;00m [38;5;129;01mnot[39;00m [38;5;28;01mNone[39;00m:
[32m    325[39m         [38;5;66;03m# Assign old value to new one[39;00m
[32m    326[39m         kwargs[[38;5;28mself[39m.new_name] = deprecated_value
[32m--> [39m[32m328[39m [38;5;28;01mreturn[39;00m [43mfunc[49m[43m([49m[43m*[49m[43margs[49m[43m,[49m[43m [49m[43m*[49m[43m*[49m[43mkwargs[49m[43m)[49m

[36mFile [39m[32m~\Repositories\python-majordome\notes\.venv\Lib\site-packages\skimage\io\_io.py:82[39m, in [36mimread[39m[34m(fname, as_gray, plugin, **plugin_args)[39m
[32m     79[39m         plugin = [33m'[39m[33mtifffile[39m[33m'[39m
[32m     81[39m [38;5;28;01mwith[39;00m file_or_url_context(fname) [38;5;28;01mas[39;00m fname, _hide_plugin_deprecation_warnings():
[32m---> [39m[32m82[39m     img = [43mcall_plugin[49m[43m([49m[33;43m'[39;49m[33;43mimread[39;49m[33;43m'[39;49m[43m,[49m[43m [49m[43mfname[49m[43m,[49m[43m [49m[43mplugin[49m[43m=[49m[43mplugin[49m[43m,[49m[43m [49m[43m*[49m[43m*[49m[43mplugin_args[49m[43m)[49m
[32m     84[39m [38;5;28;01mif[39;00m [38;5;129;01mnot[39;00m [38;5;28mhasattr[39m(img, [33m'[39m[33mndim[39m[33m'[39m):
[32m     85[39m     [38;5;28;01mreturn[39;00m img

[36mFile [39m[32m~\Repositories\python-majordome\notes\.venv\Lib\site-packages\skimage\_shared\utils.py:538[39m, in [36mdeprecate_func.__call__.<locals>.wrapped[39m[34m(*args, **kwargs)[39m
[32m    536[39m stacklevel = [32m1[39m + [38;5;28mself[39m.get_stack_length(func) - stack_rank
[32m    537[39m warnings.warn(message, category=[38;5;167;01mFutureWarning[39;00m, stacklevel=stacklevel)
[32m--> [39m[32m538[39m [38;5;28;01mreturn[39;00m [43mfunc[49m[43m([49m[43m*[49m[43margs[49m[43m,[49m[43m [49m[43m*[49m[43m*[49m[43mkwargs[49m[43m)[49m

[36mFile [39m[32m~\Repositories\python-majordome\notes\.venv\Lib\site-packages\skimage\io\manage_plugins.py:254[39m, in [36mcall_plugin[39m[34m(kind, *args, **kwargs)[39m
[32m    251[39m     [38;5;28;01mexcept[39;00m [38;5;167;01mIndexError[39;00m:
[32m    252[39m         [38;5;28;01mraise[39;00m [38;5;167;01mRuntimeError[39;00m([33mf[39m[33m'[39m[33mCould not find the plugin [39m[33m"[39m[38;5;132;01m{[39;00mplugin[38;5;132;01m}[39;00m[33m"[39m[33m for [39m[38;5;132;01m{[39;00mkind[38;5;132;01m}[39;00m[33m.[39m[33m'[39m)
[32m--> [39m[32m254[39m [38;5;28;01mreturn[39;00m [43mfunc[49m[43m([49m[43m*[49m[43margs[49m[43m,[49m[43m [49m[43m*[49m[43m*[49m[43mkwargs[49m[43m)[49m

[36mFile [39m[32m~\Repositories\python-majordome\notes\.venv\Lib\site-packages\skimage\io\_plugins\imageio_plugin.py:11[39m, in [36mimread[39m[34m(*args, **kwargs)[39m
[32m      9[39m [38;5;129m@wraps[39m(imageio_imread)
[32m     10[39m [38;5;28;01mdef[39;00m[38;5;250m [39m[34mimread[39m(*args, **kwargs):
[32m---> [39m[32m11[39m     out = np.asarray([43mimageio_imread[49m[43m([49m[43m*[49m[43margs[49m[43m,[49m[43m [49m[43m*[49m[43m*[49m[43mkwargs[49m[43m)[49m)
[32m     12[39m     [38;5;28;01mif[39;00m [38;5;129;01mnot[39;00m out.flags[[33m'[39m[33mWRITEABLE[39m[33m'[39m]:
[32m     13[39m         out = out.copy()

[36mFile [39m[32m~\Repositories\python-majordome\notes\.venv\Lib\site-packages\imageio\v3.py:53[39m, in [36mimread[39m[34m(uri, index, plugin, extension, format_hint, **kwargs)[39m
[32m     50[39m [38;5;28;01mif[39;00m index [38;5;129;01mis[39;00m [38;5;129;01mnot[39;00m [38;5;28;01mNone[39;00m:
[32m     51[39m     call_kwargs[[33m"[39m[33mindex[39m[33m"[39m] = index
[32m---> [39m[32m53[39m [38;5;28;01mwith[39;00m [43mimopen[49m[43m([49m[43muri[49m[43m,[49m[43m [49m[33;43m"[39;49m[33;43mr[39;49m[33;43m"[39;49m[43m,[49m[43m [49m[43m*[49m[43m*[49m[43mplugin_kwargs[49m[43m)[49m [38;5;28;01mas[39;00m img_file:
[32m     54[39m     [38;5;28;01mreturn[39;00m np.asarray(img_file.read(**call_kwargs))

[36mFile [39m[32m~\Repositories\python-majordome\notes\.venv\Lib\site-packages\imageio\core\imopen.py:113[39m, in [36mimopen[39m[34m(uri, io_mode, plugin, extension, format_hint, legacy_mode, **kwargs)[39m
[32m    111[39m     request.format_hint = format_hint
[32m    112[39m [38;5;28;01melse[39;00m:
[32m--> [39m[32m113[39m     request = [43mRequest[49m[43m([49m[43muri[49m[43m,[49m[43m [49m[43mio_mode[49m[43m,[49m[43m [49m[43mformat_hint[49m[43m=[49m[43mformat_hint[49m[43m,[49m[43m [49m[43mextension[49m[43m=[49m[43mextension[49m[43m)[49m
[32m    115[39m source = [33m"[39m[33m<bytes>[39m[33m"[39m [38;5;28;01mif[39;00m [38;5;28misinstance[39m(uri, [38;5;28mbytes[39m) [38;5;28;01melse[39;00m uri
[32m    117[39m [38;5;66;03m# fast-path based on plugin[39;00m
[32m    118[39m [38;5;66;03m# (except in legacy mode)[39;00m

[36mFile [39m[32m~\Repositories\python-majordome\notes\.venv\Lib\site-packages\imageio\core\request.py:250[39m, in [36mRequest.__init__[39m[34m(self, uri, mode, extension, format_hint, **kwargs)[39m
[32m    247[39m     [38;5;28;01mraise[39;00m [38;5;167;01mValueError[39;00m([33mf[39m[33m"[39m[33mInvalid Request.Mode: [39m[38;5;132;01m{[39;00mmode[38;5;132;01m}[39;00m[33m"[39m)
[32m    249[39m [38;5;66;03m# Parse what was given[39;00m
[32m--> [39m[32m250[39m [38;5;28;43mself[39;49m[43m.[49m[43m_parse_uri[49m[43m([49m[43muri[49m[43m)[49m
[32m    252[39m [38;5;66;03m# Set extension[39;00m
[32m    253[39m [38;5;28;01mif[39;00m extension [38;5;129;01mis[39;00m [38;5;129;01mnot[39;00m [38;5;28;01mNone[39;00m:

[36mFile [39m[32m~\Repositories\python-majordome\notes\.venv\Lib\site-packages\imageio\core\request.py:410[39m, in [36mRequest._parse_uri[39m[34m(self, uri)[39m
[32m    407[39m [38;5;28;01mif[39;00m is_read_request:
[32m    408[39m     [38;5;66;03m# Reading: check that the file exists (but is allowed a dir)[39;00m
[32m    409[39m     [38;5;28;01mif[39;00m [38;5;129;01mnot[39;00m os.path.exists(fn):
[32m--> [39m[32m410[39m         [38;5;28;01mraise[39;00m [38;5;167;01mFileNotFoundError[39;00m([33m"[39m[33mNo such file: [39m[33m'[39m[38;5;132;01m%s[39;00m[33m'[39m[33m"[39m % fn)
[32m    411[39m [38;5;28;01melse[39;00m:
[32m    412[39m     [38;5;66;03m# Writing: check that the directory to write to does exist[39;00m
[32m    413[39m     dn = os.path.dirname(fn)

[31mFileNotFoundError[39m: No such file: 'C:\Users\wdalmazs\Repositories\python-majordome\media\samples-porosity\800009.JPG'

