Traceback (most recent call last):
  File "C:\Users\wdalmazs\Repositories\python-majordome\notes\.venv\Lib\site-packages\jupyter_cache\executors\utils.py", line 58, in single_nb_execution
    executenb(
    ~~~~~~~~~^
        nb,
        ^^^
    ...<4 lines>...
        **kwargs,
        ^^^^^^^^^
    )
    ^
  File "C:\Users\wdalmazs\Repositories\python-majordome\notes\.venv\Lib\site-packages\nbclient\client.py", line 1319, in execute
    return NotebookClient(nb=nb, resources=resources, km=km, **kwargs).execute()
           ~~~~~~~~~~~~~~~~~~~~~~~~~~~~~~~~~~~~~~~~~~~~~~~~~~~~~~~~~~~~~~~~~~~^^
  File "C:\Users\wdalmazs\Repositories\python-majordome\notes\.venv\Lib\site-packages\jupyter_core\utils\__init__.py", line 165, in wrapped
    return loop.run_until_complete(inner)
           ~~~~~~~~~~~~~~~~~~~~~~~^^^^^^^
  File "C:\Users\wdalmazs\Repositories\python-majordome\local\bin\python\WPy64-31380\python\Lib\asyncio\base_events.py", line 725, in run_until_complete
    return future.result()
           ~~~~~~~~~~~~~^^
  File "C:\Users\wdalmazs\Repositories\python-majordome\notes\.venv\Lib\site-packages\nbclient\client.py", line 709, in async_execute
    await self.async_execute_cell(
        cell, index, execution_count=self.code_cells_executed + 1
    )
  File "C:\Users\wdalmazs\Repositories\python-majordome\notes\.venv\Lib\site-packages\nbclient\client.py", line 1062, in async_execute_cell
    await self._check_raise_for_error(cell, cell_index, exec_reply)
  File "C:\Users\wdalmazs\Repositories\python-majordome\notes\.venv\Lib\site-packages\nbclient\client.py", line 918, in _check_raise_for_error
    raise CellExecutionError.from_cell_and_msg(cell, exec_reply_content)
nbclient.exceptions.CellExecutionError: An error occurred while executing the following cell:
------------------
df = pd.DataFrame(data.all())
df.sort_values("title", inplace=True)
df.to_csv(media / "sandbox-minerals.csv", index=False)
------------------


[31m---------------------------------------------------------------------------[39m
[31mKeyError[39m                                  Traceback (most recent call last)
[32m~\AppData\Local\Temp\ipykernel_20512\544508612.py[39m in [36m?[39m[34m()[39m
[32m      1[39m df = pd.DataFrame(data.all())
[32m----> [39m[32m2[39m df.sort_values([33m"title"[39m, inplace=[38;5;28;01mTrue[39;00m)
[32m      3[39m df.to_csv(media / [33m"sandbox-minerals.csv"[39m, index=[38;5;28;01mFalse[39;00m)

[32m~\Repositories\python-majordome\notes\.venv\Lib\site-packages\pandas\core\frame.py[39m in [36m?[39m[34m(self, by, axis, ascending, inplace, kind, na_position, ignore_index, key)[39m
[32m   7207[39m             )
[32m   7208[39m         [38;5;28;01melif[39;00m len(by):
[32m   7209[39m             [38;5;66;03m# len(by) == 1[39;00m
[32m   7210[39m 
[32m-> [39m[32m7211[39m             k = self._get_label_or_level_values(by[[32m0[39m], axis=axis)
[32m   7212[39m 
[32m   7213[39m             [38;5;66;03m# need to rewrap column in Series to apply key function[39;00m
[32m   7214[39m             [38;5;28;01mif[39;00m key [38;5;28;01mis[39;00m [38;5;28;01mnot[39;00m [38;5;28;01mNone[39;00m:

[32m~\Repositories\python-majordome\notes\.venv\Lib\site-packages\pandas\core\generic.py[39m in [36m?[39m[34m(self, key, axis)[39m
[32m   1910[39m             values = self.xs(key, axis=other_axes[[32m0[39m])._values
[32m   1911[39m         [38;5;28;01melif[39;00m self._is_level_reference(key, axis=axis):
[32m   1912[39m             values = self.axes[axis].get_level_values(key)._values
[32m   1913[39m         [38;5;28;01melse[39;00m:
[32m-> [39m[32m1914[39m             [38;5;28;01mraise[39;00m KeyError(key)
[32m   1915[39m 
[32m   1916[39m         [38;5;66;03m# Check for duplicates[39;00m
[32m   1917[39m         [38;5;28;01mif[39;00m values.ndim > [32m1[39m:

[31mKeyError[39m: 'title'

